13:02:53: Creating resource group General
13:02:53: Creating resource group Internal
13:02:53: Creating resource group Autodetect
13:02:53: Registering ResourceManager for type Material
13:02:53: Registering ResourceManager for type Skeleton
13:02:53: Registering ResourceManager for type Mesh
13:02:53: Skeleton: Loading ninja.skeleton
13:02:53: OGRE EXCEPTION(6:FileNotFoundException): Cannot locate resource ninja.skeleton in resource group General or any other group. in ResourceGroupManager::openResource at /home/cristian/Desktop/ogre_src_v1-7-2/OgreMain/src/OgreResourceGroupManager.cpp (line 753)
13:02:53: Unable to load skeleton ninja.skeleton for Mesh conversion. This Mesh will not be animated. You can ignore this message if you are using an offline tool.
13:02:53: MeshSerializer writing mesh data to ninja.mesh.xml...
13:02:53: File header written.
13:02:53: Writing mesh data...
13:02:53: Writing submesh...
13:02:53: Exporting submesh texture aliases...
13:02:53: Submesh texture aliases exported.
13:02:53: Exporting dedicated geometry bone assignments...
13:02:53: Dedicated geometry bone assignments exported.
13:02:53: Submesh exported.
13:02:53: Writing submesh...
13:02:53: Exporting submesh texture aliases...
13:02:53: Submesh texture aliases exported.
13:02:53: Exporting dedicated geometry bone assignments...
13:02:53: Dedicated geometry bone assignments exported.
13:02:53: Submesh exported.
13:02:53: Exporting skeleton link...
13:02:53: Skeleton link exported.
13:02:53: Exporting bounds information....
13:02:53: Bounds information exported.
13:02:53: Exporting submesh name table...
13:02:53: Submesh name table exported.
13:02:53: Exporting edge lists...
13:02:53: Edge lists exported
13:02:53: Mesh data exported.
13:02:53: MeshSerializer export successful.
13:02:53: Unregistering ResourceManager for type Mesh
13:02:53: Unregistering ResourceManager for type Skeleton
13:02:53: Unregistering ResourceManager for type Material
